<?xml version="1.0" encoding="UTF-8"?>
<!-- Generated by org.testng.reporters.JUnitReportReporter -->
<testsuite skipped="0" hostname="nodirbeks-mbp.lan" name="loginTest" tests="1" failures="0" timestamp="28 Nov 2017 21:21:14 GMT" time="4.741" errors="0">
  <testcase name="test1" time="4.741" classname="loginTest"/>
</testsuite> <!-- loginTest -->
