<?xml version="1.0" encoding="UTF-8"?>
<!-- Generated by org.testng.reporters.JUnitReportReporter -->
<testsuite skipped="10" hostname="Bindhus-MacBook-Pro.local" name="WAVE_FITS.TestingIdentifiers" tests="11" failures="0" timestamp="01 Dec 2017 22:11:17 GMT" time="0.055" errors="1">
  <testcase name="testCase7" time="0.000" classname="WAVE_FITS.TestingIdentifiers">
    <skipped/>
  </testcase> <!-- testCase7 -->
  <testcase name="testCase1" time="0.000" classname="WAVE_FITS.TestingIdentifiers">
    <skipped/>
  </testcase> <!-- testCase1 -->
  <testcase name="testCase5" time="0.000" classname="WAVE_FITS.TestingIdentifiers">
    <skipped/>
  </testcase> <!-- testCase5 -->
  <testcase name="testCase9" time="0.000" classname="WAVE_FITS.TestingIdentifiers">
    <skipped/>
  </testcase> <!-- testCase9 -->
  <testcase name="testCase6" time="0.000" classname="WAVE_FITS.TestingIdentifiers">
    <skipped/>
  </testcase> <!-- testCase6 -->
  <testcase name="loginToApplication" time="0.055" classname="WAVE_FITS.TestingIdentifiers">
    <error type="java.lang.NoClassDefFoundError" message="org/openqa/selenium/interactions/internal/Locatable">
      <![CDATA[java.lang.NoClassDefFoundError: org/openqa/selenium/interactions/internal/Locatable
	at org.openqa.selenium.support.pagefactory.DefaultFieldDecorator.proxyForLocator(DefaultFieldDecorator.java:101)
	at org.openqa.selenium.support.pagefactory.DefaultFieldDecorator.decorate(DefaultFieldDecorator.java:62)
	at org.openqa.selenium.support.PageFactory.proxyFields(PageFactory.java:113)
	at org.openqa.selenium.support.PageFactory.initElements(PageFactory.java:105)
	at org.openqa.selenium.support.PageFactory.initElements(PageFactory.java:92)
	at org.openqa.selenium.support.PageFactory.initElements(PageFactory.java:79)
	at Pages.AddingEntity.<init>(AddingEntity.java:15)
	at TestResources.PageResources.<init>(PageResources.java:66)
	at WAVE_FITS.Helper.<init>(Helper.java:19)
	at WAVE_FITS.TestingIdentifiers.loginToApplication(TestingIdentifiers.java:37)
	at sun.reflect.NativeMethodAccessorImpl.invoke0(Native Method)
	at sun.reflect.NativeMethodAccessorImpl.invoke(NativeMethodAccessorImpl.java:62)
	at sun.reflect.DelegatingMethodAccessorImpl.invoke(DelegatingMethodAccessorImpl.java:43)
	at java.lang.reflect.Method.invoke(Method.java:498)
	at org.testng.internal.MethodInvocationHelper.invokeMethod(MethodInvocationHelper.java:108)
	at org.testng.internal.Invoker.invokeMethod(Invoker.java:661)
	at org.testng.internal.Invoker.invokeTestMethod(Invoker.java:869)
	at org.testng.internal.Invoker.invokeTestMethods(Invoker.java:1193)
	at org.testng.internal.TestMethodWorker.invokeTestMethods(TestMethodWorker.java:126)
	at org.testng.internal.TestMethodWorker.run(TestMethodWorker.java:109)
	at org.testng.TestRunner.privateRun(TestRunner.java:744)
	at org.testng.TestRunner.run(TestRunner.java:602)
	at org.testng.SuiteRunner.runTest(SuiteRunner.java:380)
	at org.testng.SuiteRunner.runSequentially(SuiteRunner.java:375)
	at org.testng.SuiteRunner.privateRun(SuiteRunner.java:340)
	at org.testng.SuiteRunner.run(SuiteRunner.java:289)
	at org.testng.SuiteRunnerWorker.runSuite(SuiteRunnerWorker.java:52)
	at org.testng.SuiteRunnerWorker.run(SuiteRunnerWorker.java:86)
	at org.testng.TestNG.runSuitesSequentially(TestNG.java:1301)
	at org.testng.TestNG.runSuitesLocally(TestNG.java:1226)
	at org.testng.TestNG.runSuites(TestNG.java:1144)
	at org.testng.TestNG.run(TestNG.java:1115)
	at org.testng.TestNG.privateMain(TestNG.java:1442)
	at org.testng.TestNG.main(TestNG.java:1411)
	at sun.reflect.NativeMethodAccessorImpl.invoke0(Native Method)
	at sun.reflect.NativeMethodAccessorImpl.invoke(NativeMethodAccessorImpl.java:62)
	at sun.reflect.DelegatingMethodAccessorImpl.invoke(DelegatingMethodAccessorImpl.java:43)
	at java.lang.reflect.Method.invoke(Method.java:498)
	at org.codehaus.mojo.exec.ExecJavaMojo$1.run(ExecJavaMojo.java:282)
	at java.lang.Thread.run(Thread.java:748)
Caused by: java.lang.ClassNotFoundException: org.openqa.selenium.interactions.internal.Locatable
	at java.net.URLClassLoader.findClass(URLClassLoader.java:381)
	at java.lang.ClassLoader.loadClass(ClassLoader.java:424)
	at java.lang.ClassLoader.loadClass(ClassLoader.java:357)
	... 40 more
]]>
    </error>
  </testcase> <!-- loginToApplication -->
  <testcase name="testCase10" time="0.000" classname="WAVE_FITS.TestingIdentifiers">
    <skipped/>
  </testcase> <!-- testCase10 -->
  <testcase name="testCase2" time="0.000" classname="WAVE_FITS.TestingIdentifiers">
    <skipped/>
  </testcase> <!-- testCase2 -->
  <testcase name="testCase3" time="0.000" classname="WAVE_FITS.TestingIdentifiers">
    <skipped/>
  </testcase> <!-- testCase3 -->
  <testcase name="testCase8" time="0.000" classname="WAVE_FITS.TestingIdentifiers">
    <skipped/>
  </testcase> <!-- testCase8 -->
  <testcase name="testCase4" time="0.000" classname="WAVE_FITS.TestingIdentifiers">
    <skipped/>
  </testcase> <!-- testCase4 -->
</testsuite> <!-- WAVE_FITS.TestingIdentifiers -->
