<?xml version="1.0" encoding="UTF-8"?>
<!-- Generated by org.testng.reporters.JUnitReportReporter -->
<testsuite skipped="0" hostname="Bindhus-MacBook-Pro.local" name="WAVE_FITS.TestingIdentifiers" tests="11" failures="0" timestamp="05 Dec 2017 20:12:06 GMT" time="85.255" errors="0">
  <testcase name="testCase1" time="8.417" classname="WAVE_FITS.TestingIdentifiers"/>
  <testcase name="testCase10" time="7.367" classname="WAVE_FITS.TestingIdentifiers"/>
  <testcase name="testCase7" time="7.933" classname="WAVE_FITS.TestingIdentifiers"/>
  <testcase name="testCase5" time="7.944" classname="WAVE_FITS.TestingIdentifiers"/>
  <testcase name="testCase9" time="9.948" classname="WAVE_FITS.TestingIdentifiers"/>
  <testcase name="testCase2" time="8.020" classname="WAVE_FITS.TestingIdentifiers"/>
  <testcase name="loginToApplication" time="3.554" classname="WAVE_FITS.TestingIdentifiers"/>
  <testcase name="testCase4" time="8.062" classname="WAVE_FITS.TestingIdentifiers"/>
  <testcase name="testCase8" time="8.094" classname="WAVE_FITS.TestingIdentifiers"/>
  <testcase name="testCase3" time="8.087" classname="WAVE_FITS.TestingIdentifiers"/>
  <testcase name="testCase6" time="7.829" classname="WAVE_FITS.TestingIdentifiers"/>
</testsuite> <!-- WAVE_FITS.TestingIdentifiers -->
